{"/Users/aidansmith/Documents/GitHub/tester/src/enums/direction.enum.ts": {"path":"/Users/aidansmith/Documents/GitHub/tester/src/enums/direction.enum.ts","statementMap":{"0":{"start":{"line":1,"column":0},"end":{"line":1,"column":null}},"1":{"start":{"line":2,"column":4},"end":{"line":2,"column":null}},"2":{"start":{"line":3,"column":4},"end":{"line":3,"column":null}},"3":{"start":{"line":4,"column":4},"end":{"line":4,"column":null}},"4":{"start":{"line":5,"column":4},"end":{"line":5,"column":null}}},"fnMap":{"0":{"name":"(anonymous_0)","decl":{"start":{"line":1,"column":0},"end":{"line":1,"column":12}},"loc":{"start":{"line":1,"column":25},"end":{"line":6,"column":1}}}},"branchMap":{"0":{"loc":{"start":{"line":1,"column":12},"end":{"line":1,"column":null}},"type":"binary-expr","locations":[{"start":{"line":1,"column":12},"end":{"line":1,"column":25}},{"start":{"line":1,"column":12},"end":{"line":1,"column":null}}]}},"s":{"0":1,"1":1,"2":1,"3":1,"4":1},"f":{"0":1},"b":{"0":[1,1]}}
,"/Users/aidansmith/Documents/GitHub/tester/src/enums/tile-type.enum.ts": {"path":"/Users/aidansmith/Documents/GitHub/tester/src/enums/tile-type.enum.ts","statementMap":{"0":{"start":{"line":1,"column":0},"end":{"line":1,"column":null}},"1":{"start":{"line":2,"column":4},"end":{"line":2,"column":null}},"2":{"start":{"line":3,"column":4},"end":{"line":3,"column":null}},"3":{"start":{"line":4,"column":4},"end":{"line":4,"column":null}},"4":{"start":{"line":5,"column":4},"end":{"line":5,"column":null}}},"fnMap":{"0":{"name":"(anonymous_0)","decl":{"start":{"line":1,"column":0},"end":{"line":1,"column":12}},"loc":{"start":{"line":1,"column":24},"end":{"line":6,"column":1}}}},"branchMap":{"0":{"loc":{"start":{"line":1,"column":12},"end":{"line":1,"column":null}},"type":"binary-expr","locations":[{"start":{"line":1,"column":12},"end":{"line":1,"column":24}},{"start":{"line":1,"column":12},"end":{"line":1,"column":null}}]}},"s":{"0":2,"1":2,"2":2,"3":2,"4":2},"f":{"0":2},"b":{"0":[2,2]}}
,"/Users/aidansmith/Documents/GitHub/tester/src/exceptions/maze-validation-exception.ts": {"path":"/Users/aidansmith/Documents/GitHub/tester/src/exceptions/maze-validation-exception.ts","statementMap":{"0":{"start":{"line":3,"column":8},"end":{"line":3,"column":23}},"1":{"start":{"line":1,"column":0},"end":{"line":1,"column":13}}},"fnMap":{"0":{"name":"(anonymous_0)","decl":{"start":{"line":2,"column":4},"end":{"line":2,"column":16}},"loc":{"start":{"line":2,"column":31},"end":{"line":4,"column":5}}}},"branchMap":{},"s":{"0":8,"1":2},"f":{"0":8},"b":{}}
,"/Users/aidansmith/Documents/GitHub/tester/src/models/maze-tile.ts": {"path":"/Users/aidansmith/Documents/GitHub/tester/src/models/maze-tile.ts","statementMap":{"0":{"start":{"line":2,"column":0},"end":{"line":2,"column":58}},"1":{"start":{"line":3,"column":0},"end":{"line":3,"column":85}},"2":{"start":{"line":11,"column":4},"end":{"line":11,"column":37}},"3":{"start":{"line":12,"column":4},"end":{"line":18,"column":6}},"4":{"start":{"line":10,"column":0},"end":{"line":10,"column":16}},"5":{"start":{"line":22,"column":4},"end":{"line":24,"column":null}},"6":{"start":{"line":22,"column":53},"end":{"line":22,"column":76}},"7":{"start":{"line":23,"column":8},"end":{"line":23,"column":114}}},"fnMap":{"0":{"name":"createTile","decl":{"start":{"line":10,"column":16},"end":{"line":10,"column":26}},"loc":{"start":{"line":10,"column":77},"end":{"line":19,"column":1}}},"1":{"name":"validateCharacter","decl":{"start":{"line":21,"column":9},"end":{"line":21,"column":26}},"loc":{"start":{"line":21,"column":48},"end":{"line":25,"column":1}}},"2":{"name":"(anonymous_2)","decl":{"start":{"line":22,"column":42},"end":{"line":22,"column":43}},"loc":{"start":{"line":22,"column":53},"end":{"line":22,"column":76}}}},"branchMap":{"0":{"loc":{"start":{"line":22,"column":4},"end":{"line":24,"column":null}},"type":"if","locations":[{"start":{"line":22,"column":4},"end":{"line":24,"column":null}}]}},"s":{"0":2,"1":2,"2":42,"3":41,"4":2,"5":42,"6":97,"7":1},"f":{"0":42,"1":42,"2":97},"b":{"0":[1]}}
,"/Users/aidansmith/Documents/GitHub/tester/src/models/position.interface.ts": {"path":"/Users/aidansmith/Documents/GitHub/tester/src/models/position.interface.ts","statementMap":{"0":{"start":{"line":7,"column":4},"end":{"line":7,"column":88}},"1":{"start":{"line":6,"column":0},"end":{"line":6,"column":16}}},"fnMap":{"0":{"name":"isEqualTo","decl":{"start":{"line":6,"column":16},"end":{"line":6,"column":25}},"loc":{"start":{"line":6,"column":71},"end":{"line":8,"column":1}}}},"branchMap":{"0":{"loc":{"start":{"line":7,"column":11},"end":{"line":7,"column":87}},"type":"binary-expr","locations":[{"start":{"line":7,"column":11},"end":{"line":7,"column":44}},{"start":{"line":7,"column":48},"end":{"line":7,"column":87}}]}},"s":{"0":50,"1":2},"f":{"0":50},"b":{"0":[50,21]}}
,"/Users/aidansmith/Documents/GitHub/tester/src/services/explorer.ts": {"path":"/Users/aidansmith/Documents/GitHub/tester/src/services/explorer.ts","statementMap":{"0":{"start":{"line":3,"column":0},"end":{"line":3,"column":59}},"1":{"start":{"line":4,"column":0},"end":{"line":4,"column":58}},"2":{"start":{"line":12,"column":8},"end":{"line":12,"column":25}},"3":{"start":{"line":13,"column":8},"end":{"line":13,"column":54}},"4":{"start":{"line":14,"column":8},"end":{"line":14,"column":46}},"5":{"start":{"line":18,"column":8},"end":{"line":18,"column":30}},"6":{"start":{"line":22,"column":8},"end":{"line":22,"column":31}},"7":{"start":{"line":26,"column":8},"end":{"line":26,"column":52}},"8":{"start":{"line":30,"column":8},"end":{"line":30,"column":52}},"9":{"start":{"line":34,"column":25},"end":{"line":34,"column":60}},"10":{"start":{"line":36,"column":8},"end":{"line":49,"column":null}},"11":{"start":{"line":38,"column":16},"end":{"line":38,"column":34}},"12":{"start":{"line":39,"column":16},"end":{"line":39,"column":22}},"13":{"start":{"line":41,"column":16},"end":{"line":41,"column":37}},"14":{"start":{"line":42,"column":16},"end":{"line":42,"column":22}},"15":{"start":{"line":44,"column":16},"end":{"line":44,"column":34}},"16":{"start":{"line":45,"column":16},"end":{"line":45,"column":22}},"17":{"start":{"line":47,"column":16},"end":{"line":47,"column":37}},"18":{"start":{"line":48,"column":16},"end":{"line":48,"column":22}},"19":{"start":{"line":51,"column":8},"end":{"line":55,"column":null}},"20":{"start":{"line":52,"column":12},"end":{"line":52,"column":41}},"21":{"start":{"line":54,"column":12},"end":{"line":54,"column":54}},"22":{"start":{"line":59,"column":8},"end":{"line":59,"column":65}},"23":{"start":{"line":6,"column":0},"end":{"line":6,"column":13}}},"fnMap":{"0":{"name":"(anonymous_0)","decl":{"start":{"line":11,"column":4},"end":{"line":11,"column":16}},"loc":{"start":{"line":11,"column":26},"end":{"line":15,"column":5}}},"1":{"name":"(anonymous_1)","decl":{"start":{"line":17,"column":4},"end":{"line":17,"column":8}},"loc":{"start":{"line":17,"column":16},"end":{"line":19,"column":5}}},"2":{"name":"(anonymous_2)","decl":{"start":{"line":21,"column":4},"end":{"line":21,"column":8}},"loc":{"start":{"line":21,"column":17},"end":{"line":23,"column":5}}},"3":{"name":"(anonymous_3)","decl":{"start":{"line":25,"column":4},"end":{"line":25,"column":13}},"loc":{"start":{"line":25,"column":13},"end":{"line":27,"column":5}}},"4":{"name":"(anonymous_4)","decl":{"start":{"line":29,"column":4},"end":{"line":29,"column":12}},"loc":{"start":{"line":29,"column":12},"end":{"line":31,"column":5}}},"5":{"name":"(anonymous_5)","decl":{"start":{"line":33,"column":4},"end":{"line":33,"column":16}},"loc":{"start":{"line":33,"column":16},"end":{"line":56,"column":5}}},"6":{"name":"(anonymous_6)","decl":{"start":{"line":58,"column":12},"end":{"line":58,"column":23}},"loc":{"start":{"line":58,"column":43},"end":{"line":60,"column":5}}}},"branchMap":{"0":{"loc":{"start":{"line":36,"column":8},"end":{"line":49,"column":null}},"type":"switch","locations":[{"start":{"line":37,"column":12},"end":{"line":39,"column":22}},{"start":{"line":40,"column":12},"end":{"line":42,"column":22}},{"start":{"line":43,"column":12},"end":{"line":45,"column":22}},{"start":{"line":46,"column":12},"end":{"line":48,"column":22}}]},"1":{"loc":{"start":{"line":51,"column":8},"end":{"line":55,"column":null}},"type":"if","locations":[{"start":{"line":51,"column":8},"end":{"line":55,"column":null}},{"start":{"line":53,"column":15},"end":{"line":55,"column":null}}]}},"s":{"0":1,"1":1,"2":16,"3":16,"4":16,"5":9,"6":13,"7":17,"8":10,"9":8,"10":8,"11":4,"12":4,"13":2,"14":2,"15":1,"16":1,"17":1,"18":1,"19":8,"20":6,"21":2,"22":8,"23":1},"f":{"0":16,"1":9,"2":13,"3":17,"4":10,"5":8,"6":8},"b":{"0":[4,2,1,1],"1":[6,2]}}
,"/Users/aidansmith/Documents/GitHub/tester/src/services/maze.ts": {"path":"/Users/aidansmith/Documents/GitHub/tester/src/services/maze.ts","statementMap":{"0":{"start":{"line":1,"column":0},"end":{"line":1,"column":63}},"1":{"start":{"line":2,"column":0},"end":{"line":2,"column":58}},"2":{"start":{"line":3,"column":0},"end":{"line":3,"column":85}},"3":{"start":{"line":4,"column":0},"end":{"line":4,"column":71}},"4":{"start":{"line":5,"column":0},"end":{"line":5,"column":55}},"5":{"start":{"line":14,"column":8},"end":{"line":14,"column":33}},"6":{"start":{"line":15,"column":8},"end":{"line":15,"column":39}},"7":{"start":{"line":16,"column":8},"end":{"line":16,"column":58}},"8":{"start":{"line":22,"column":8},"end":{"line":22,"column":91}},"9":{"start":{"line":22,"column":46},"end":{"line":22,"column":78}},"10":{"start":{"line":26,"column":44},"end":{"line":26,"column":104}},"11":{"start":{"line":26,"column":70},"end":{"line":26,"column":103}},"12":{"start":{"line":28,"column":8},"end":{"line":30,"column":null}},"13":{"start":{"line":29,"column":12},"end":{"line":29,"column":37}},"14":{"start":{"line":32,"column":8},"end":{"line":34,"column":null}},"15":{"start":{"line":33,"column":12},"end":{"line":33,"column":38}},"16":{"start":{"line":36,"column":8},"end":{"line":36,"column":25}},"17":{"start":{"line":40,"column":8},"end":{"line":40,"column":79}},"18":{"start":{"line":40,"column":52},"end":{"line":40,"column":72}},"19":{"start":{"line":44,"column":8},"end":{"line":44,"column":76}},"20":{"start":{"line":44,"column":52},"end":{"line":44,"column":69}},"21":{"start":{"line":48,"column":8},"end":{"line":48,"column":26}},"22":{"start":{"line":52,"column":44},"end":{"line":52,"column":66}},"23":{"start":{"line":53,"column":18},"end":{"line":53,"column":19}},"24":{"start":{"line":54,"column":21},"end":{"line":54,"column":22}},"25":{"start":{"line":56,"column":8},"end":{"line":64,"column":null}},"26":{"start":{"line":56,"column":21},"end":{"line":56,"column":22}},"27":{"start":{"line":57,"column":12},"end":{"line":63,"column":null}},"28":{"start":{"line":58,"column":16},"end":{"line":58,"column":22}},"29":{"start":{"line":59,"column":16},"end":{"line":59,"column":27}},"30":{"start":{"line":61,"column":16},"end":{"line":61,"column":71}},"31":{"start":{"line":62,"column":16},"end":{"line":62,"column":25}},"32":{"start":{"line":66,"column":8},"end":{"line":66,"column":37}},"33":{"start":{"line":67,"column":8},"end":{"line":67,"column":25}},"34":{"start":{"line":71,"column":8},"end":{"line":75,"column":null}},"35":{"start":{"line":72,"column":12},"end":{"line":72,"column":95}},"36":{"start":{"line":73,"column":15},"end":{"line":75,"column":null}},"37":{"start":{"line":74,"column":12},"end":{"line":74,"column":85}},"38":{"start":{"line":79,"column":8},"end":{"line":79,"column":72}},"39":{"start":{"line":79,"column":46},"end":{"line":79,"column":63}},"40":{"start":{"line":7,"column":0},"end":{"line":7,"column":13}}},"fnMap":{"0":{"name":"(anonymous_0)","decl":{"start":{"line":13,"column":4},"end":{"line":13,"column":16}},"loc":{"start":{"line":13,"column":32},"end":{"line":17,"column":5}}},"1":{"name":"(anonymous_1)","decl":{"start":{"line":19,"column":4},"end":{"line":19,"column":20}},"loc":{"start":{"line":19,"column":20},"end":{"line":23,"column":5}}},"2":{"name":"(anonymous_2)","decl":{"start":{"line":22,"column":36},"end":{"line":22,"column":37}},"loc":{"start":{"line":22,"column":46},"end":{"line":22,"column":78}}},"3":{"name":"(anonymous_3)","decl":{"start":{"line":25,"column":4},"end":{"line":25,"column":11}},"loc":{"start":{"line":25,"column":30},"end":{"line":37,"column":5}}},"4":{"name":"(anonymous_4)","decl":{"start":{"line":26,"column":60},"end":{"line":26,"column":61}},"loc":{"start":{"line":26,"column":70},"end":{"line":26,"column":103}}},"5":{"name":"(anonymous_5)","decl":{"start":{"line":39,"column":4},"end":{"line":39,"column":20}},"loc":{"start":{"line":39,"column":20},"end":{"line":41,"column":5}}},"6":{"name":"(anonymous_6)","decl":{"start":{"line":40,"column":42},"end":{"line":40,"column":43}},"loc":{"start":{"line":40,"column":52},"end":{"line":40,"column":72}}},"7":{"name":"(anonymous_7)","decl":{"start":{"line":43,"column":4},"end":{"line":43,"column":17}},"loc":{"start":{"line":43,"column":17},"end":{"line":45,"column":5}}},"8":{"name":"(anonymous_8)","decl":{"start":{"line":44,"column":42},"end":{"line":44,"column":43}},"loc":{"start":{"line":44,"column":52},"end":{"line":44,"column":69}}},"9":{"name":"(anonymous_9)","decl":{"start":{"line":47,"column":4},"end":{"line":47,"column":8}},"loc":{"start":{"line":47,"column":12},"end":{"line":49,"column":5}}},"10":{"name":"(anonymous_10)","decl":{"start":{"line":51,"column":12},"end":{"line":51,"column":26}},"loc":{"start":{"line":51,"column":45},"end":{"line":68,"column":5}}},"11":{"name":"(anonymous_11)","decl":{"start":{"line":70,"column":12},"end":{"line":70,"column":24}},"loc":{"start":{"line":70,"column":52},"end":{"line":76,"column":5}}},"12":{"name":"(anonymous_12)","decl":{"start":{"line":78,"column":12},"end":{"line":78,"column":29}},"loc":{"start":{"line":78,"column":81},"end":{"line":80,"column":5}}},"13":{"name":"(anonymous_13)","decl":{"start":{"line":79,"column":32},"end":{"line":79,"column":33}},"loc":{"start":{"line":79,"column":46},"end":{"line":79,"column":63}}}},"branchMap":{"0":{"loc":{"start":{"line":28,"column":8},"end":{"line":30,"column":null}},"type":"if","locations":[{"start":{"line":28,"column":8},"end":{"line":30,"column":null}}]},"1":{"loc":{"start":{"line":32,"column":8},"end":{"line":34,"column":null}},"type":"if","locations":[{"start":{"line":32,"column":8},"end":{"line":34,"column":null}}]},"2":{"loc":{"start":{"line":57,"column":12},"end":{"line":63,"column":null}},"type":"if","locations":[{"start":{"line":57,"column":12},"end":{"line":63,"column":null}},{"start":{"line":60,"column":19},"end":{"line":63,"column":null}}]},"3":{"loc":{"start":{"line":71,"column":8},"end":{"line":75,"column":null}},"type":"if","locations":[{"start":{"line":71,"column":8},"end":{"line":75,"column":null}},{"start":{"line":73,"column":15},"end":{"line":75,"column":null}}]},"4":{"loc":{"start":{"line":73,"column":15},"end":{"line":75,"column":null}},"type":"if","locations":[{"start":{"line":73,"column":15},"end":{"line":75,"column":null}}]}},"s":{"0":2,"1":2,"2":2,"3":2,"4":2,"5":9,"6":9,"7":9,"8":17,"9":81,"10":13,"11":50,"12":13,"13":2,"14":11,"15":1,"16":10,"17":1,"18":8,"19":1,"20":8,"21":1,"22":9,"23":9,"24":9,"25":9,"26":9,"27":51,"28":9,"29":9,"30":42,"31":41,"32":8,"33":5,"34":8,"35":2,"36":6,"37":1,"38":14,"39":74,"40":2},"f":{"0":9,"1":17,"2":81,"3":13,"4":50,"5":1,"6":8,"7":1,"8":8,"9":1,"10":9,"11":8,"12":14,"13":74},"b":{"0":[2],"1":[1],"2":[9,42],"3":[2,6],"4":[1]}}
,"/Users/aidansmith/Documents/GitHub/tester/src/tests/test-helpers/maze-helper.ts": {"path":"/Users/aidansmith/Documents/GitHub/tester/src/tests/test-helpers/maze-helper.ts","statementMap":{"0":{"start":{"line":2,"column":0},"end":{"line":2,"column":58}},"1":{"start":{"line":6,"column":8},"end":{"line":35,"column":10}},"2":{"start":{"line":4,"column":0},"end":{"line":4,"column":13}}},"fnMap":{"0":{"name":"(anonymous_0)","decl":{"start":{"line":5,"column":4},"end":{"line":5,"column":10}},"loc":{"start":{"line":5,"column":27},"end":{"line":36,"column":5}}}},"branchMap":{},"s":{"0":1,"1":1,"2":1},"f":{"0":1},"b":{}}
,"/Users/aidansmith/Documents/GitHub/tester/src/utilities/maze-helper.ts": {"path":"/Users/aidansmith/Documents/GitHub/tester/src/utilities/maze-helper.ts","statementMap":{"0":{"start":{"line":6,"column":4},"end":{"line":6,"column":20}},"1":{"start":{"line":4,"column":0},"end":{"line":4,"column":16}}},"fnMap":{"0":{"name":"readMaze","decl":{"start":{"line":4,"column":16},"end":{"line":4,"column":24}},"loc":{"start":{"line":4,"column":41},"end":{"line":7,"column":1}}}},"branchMap":{},"s":{"0":1,"1":1},"f":{"0":1},"b":{}}
}
