TN:
SF:src/enums/direction.enum.ts
FN:1,(anonymous_0)
FNF:1
FNH:1
FNDA:1,(anonymous_0)
DA:1,1
DA:2,1
DA:3,1
DA:4,1
DA:5,1
LF:5
LH:5
BRDA:1,0,0,1
BRDA:1,0,1,1
BRF:2
BRH:2
end_of_record
TN:
SF:src/enums/tile-type.enum.ts
FN:1,(anonymous_0)
FNF:1
FNH:1
FNDA:2,(anonymous_0)
DA:1,2
DA:2,2
DA:3,2
DA:4,2
DA:5,2
LF:5
LH:5
BRDA:1,0,0,2
BRDA:1,0,1,2
BRF:2
BRH:2
end_of_record
TN:
SF:src/exceptions/maze-validation-exception.ts
FN:2,(anonymous_0)
FNF:1
FNH:1
FNDA:8,(anonymous_0)
DA:1,2
DA:3,8
LF:2
LH:2
BRF:0
BRH:0
end_of_record
TN:
SF:src/models/maze-tile.ts
FN:10,createTile
FN:21,validateCharacter
FN:22,(anonymous_2)
FNF:3
FNH:3
FNDA:42,createTile
FNDA:42,validateCharacter
FNDA:97,(anonymous_2)
DA:2,2
DA:3,2
DA:10,2
DA:11,42
DA:12,41
DA:22,97
DA:23,1
LF:7
LH:7
BRDA:22,0,0,1
BRF:1
BRH:1
end_of_record
TN:
SF:src/models/position.interface.ts
FN:6,isEqualTo
FNF:1
FNH:1
FNDA:50,isEqualTo
DA:6,2
DA:7,50
LF:2
LH:2
BRDA:7,0,0,50
BRDA:7,0,1,21
BRF:2
BRH:2
end_of_record
TN:
SF:src/services/explorer.ts
FN:11,(anonymous_0)
FN:17,(anonymous_1)
FN:21,(anonymous_2)
FN:25,(anonymous_3)
FN:29,(anonymous_4)
FN:33,(anonymous_5)
FN:58,(anonymous_6)
FNF:7
FNH:7
FNDA:16,(anonymous_0)
FNDA:9,(anonymous_1)
FNDA:13,(anonymous_2)
FNDA:17,(anonymous_3)
FNDA:10,(anonymous_4)
FNDA:8,(anonymous_5)
FNDA:8,(anonymous_6)
DA:3,1
DA:4,1
DA:6,1
DA:12,16
DA:13,16
DA:14,16
DA:18,9
DA:22,13
DA:26,17
DA:30,10
DA:34,8
DA:36,8
DA:38,4
DA:39,4
DA:41,2
DA:42,2
DA:44,1
DA:45,1
DA:47,1
DA:48,1
DA:51,8
DA:52,6
DA:54,2
DA:59,8
LF:24
LH:24
BRDA:36,0,0,4
BRDA:36,0,1,2
BRDA:36,0,2,1
BRDA:36,0,3,1
BRDA:51,1,0,6
BRDA:51,1,1,2
BRF:6
BRH:6
end_of_record
TN:
SF:src/services/maze.ts
FN:13,(anonymous_0)
FN:19,(anonymous_1)
FN:22,(anonymous_2)
FN:25,(anonymous_3)
FN:26,(anonymous_4)
FN:39,(anonymous_5)
FN:40,(anonymous_6)
FN:43,(anonymous_7)
FN:44,(anonymous_8)
FN:47,(anonymous_9)
FN:51,(anonymous_10)
FN:70,(anonymous_11)
FN:78,(anonymous_12)
FN:79,(anonymous_13)
FNF:14
FNH:14
FNDA:9,(anonymous_0)
FNDA:17,(anonymous_1)
FNDA:81,(anonymous_2)
FNDA:13,(anonymous_3)
FNDA:50,(anonymous_4)
FNDA:1,(anonymous_5)
FNDA:8,(anonymous_6)
FNDA:1,(anonymous_7)
FNDA:8,(anonymous_8)
FNDA:1,(anonymous_9)
FNDA:9,(anonymous_10)
FNDA:8,(anonymous_11)
FNDA:14,(anonymous_12)
FNDA:74,(anonymous_13)
DA:1,2
DA:2,2
DA:3,2
DA:4,2
DA:5,2
DA:7,2
DA:14,9
DA:15,9
DA:16,9
DA:22,81
DA:26,50
DA:28,13
DA:29,2
DA:32,11
DA:33,1
DA:36,10
DA:40,8
DA:44,8
DA:48,1
DA:52,9
DA:53,9
DA:54,9
DA:56,9
DA:57,51
DA:58,9
DA:59,9
DA:61,42
DA:62,41
DA:66,8
DA:67,5
DA:71,8
DA:72,2
DA:73,6
DA:74,1
DA:79,74
LF:35
LH:35
BRDA:28,0,0,2
BRDA:32,1,0,1
BRDA:57,2,0,9
BRDA:57,2,1,42
BRDA:71,3,0,2
BRDA:71,3,1,6
BRDA:73,4,0,1
BRF:7
BRH:7
end_of_record
TN:
SF:src/tests/test-helpers/maze-helper.ts
FN:5,(anonymous_0)
FNF:1
FNH:1
FNDA:1,(anonymous_0)
DA:2,1
DA:4,1
DA:6,1
LF:3
LH:3
BRF:0
BRH:0
end_of_record
TN:
SF:src/utilities/maze-helper.ts
FN:4,readMaze
FNF:1
FNH:1
FNDA:1,readMaze
DA:4,1
DA:6,1
LF:2
LH:2
BRF:0
BRH:0
end_of_record
